<?xml version="1.0" encoding="UTF-8"?>
<!-- Generated by org.testng.reporters.JUnitReportReporter -->
<testsuite hostname="DESKTOP-KI9J8S8" failures="0" tests="2" name="com.visionit.orangehrm.testCases.AddUser_002" time="110.419" errors="0" timestamp="2020-12-12T10:18:00 CST" skipped="0">
  <testcase classname="com.visionit.orangehrm.testCases.AddUser_002" name="AddNewUserTest" time="61.681"/>
  <system-out/>
  <testcase classname="com.visionit.orangehrm.testCases.AddUser_002" name="AddNewUserTest" time="48.738"/>
  <system-out/>
</testsuite> <!-- com.visionit.orangehrm.testCases.AddUser_002 -->
